<?xml version="1.0" encoding="UTF-8"?>
<!-- Generated by org.testng.reporters.JUnitXMLReporter -->
<testsuite ignored="0" hostname="DESKTOP-L74G382" failures="0" tests="3" name="Default test" time="11.02" errors="0" timestamp="2023-09-26T22:26:54 IST">
  <testcase classname="com.opencartAutomation.DeleteAccount" name="launchBrowser" time="3.837"/>
  <testcase classname="com.opencartAutomation.DeleteAccount" name="login" time="2.035"/>
  <testcase classname="com.opencartAutomation.DeleteAccount" name="deleteAccount" time="1.078"/>
</testsuite> <!-- Default test -->
